\\mac\home\y3down\cw4\debug\courseworkbase2020.exe
\\mac\home\y3down\cw4\debug\courseworkbase2020.ilk
\\mac\home\y3down\cw4\src\map
\\mac\home\y3down\cw4\debug\courseworkbase2020.pdb
\\mac\home\y3down\cw4\debug\courseworkbase2020.res
\\mac\home\y3down\cw4\debug\courseworkbase2020.bsc
\\mac\home\y3down\cw4\debug\vc141.pdb
\\mac\home\y3down\cw4\debug\ally.sbr
\\mac\home\y3down\cw4\debug\audio.sbr
\\mac\home\y3down\cw4\debug\bossmonster.sbr
\\mac\home\y3down\cw4\debug\draggingdemo.sbr
\\mac\home\y3down\cw4\debug\drawingsurface.sbr
\\mac\home\y3down\cw4\debug\fireball.sbr
\\mac\home\y3down\cw4\debug\flashingdemo.sbr
\\mac\home\y3down\cw4\debug\gameover.sbr
\\mac\home\y3down\cw4\debug\gamepaused.sbr
\\mac\home\y3down\cw4\debug\gameplay.sbr
\\mac\home\y3down\cw4\debug\gamescores.sbr
\\mac\home\y3down\cw4\debug\gamestart.sbr
\\mac\home\y3down\cw4\debug\gamewin.sbr
\\mac\home\y3down\cw4\debug\hellmonster.sbr
\\mac\home\y3down\cw4\debug\imageobjectdemo.sbr
\\mac\home\y3down\cw4\debug\jigsawdemo.sbr
\\mac\home\y3down\cw4\debug\mainfunction.sbr
\\mac\home\y3down\cw4\debug\baseengine.sbr
\\mac\home\y3down\cw4\debug\displayableobject.sbr
\\mac\home\y3down\cw4\debug\fontmanager.sbr
\\mac\home\y3down\cw4\debug\fontmanager.obj
\\mac\home\y3down\cw4\debug\displayableobject.obj
\\mac\home\y3down\cw4\debug\baseengine.obj
\\mac\home\y3down\cw4\debug\mainfunction.obj
\\mac\home\y3down\cw4\debug\jigsawdemo.obj
\\mac\home\y3down\cw4\debug\imageobjectdemo.obj
\\mac\home\y3down\cw4\debug\hellmonster.obj
\\mac\home\y3down\cw4\debug\gamewin.obj
\\mac\home\y3down\cw4\debug\gamestart.obj
\\mac\home\y3down\cw4\debug\gamescores.obj
\\mac\home\y3down\cw4\debug\gameplay.obj
\\mac\home\y3down\cw4\debug\gamepaused.obj
\\mac\home\y3down\cw4\debug\gameover.obj
\\mac\home\y3down\cw4\debug\flashingdemo.obj
\\mac\home\y3down\cw4\debug\fireball.obj
\\mac\home\y3down\cw4\debug\drawingsurface.obj
\\mac\home\y3down\cw4\debug\draggingdemo.obj
\\mac\home\y3down\cw4\debug\bossmonster.obj
\\mac\home\y3down\cw4\debug\audio.obj
\\mac\home\y3down\cw4\debug\ally.obj
\\mac\home\y3down\cw4\debug\imagemappingdemo.sbr
\\mac\home\y3down\cw4\debug\menu.sbr
\\mac\home\y3down\cw4\debug\monster.sbr
\\mac\home\y3down\cw4\debug\moveobject.sbr
\\mac\home\y3down\cw4\debug\redmonster.sbr
\\mac\home\y3down\cw4\debug\scyyz4engine.sbr
\\mac\home\y3down\cw4\debug\scyyz4object.sbr
\\mac\home\y3down\cw4\debug\scyyz4object2.sbr
\\mac\home\y3down\cw4\debug\scyyz4tilemanager.sbr
\\mac\home\y3down\cw4\debug\simpleimage.sbr
\\mac\home\y3down\cw4\debug\jasonsdemoa.sbr
\\mac\home\y3down\cw4\debug\jasonsobjecta.sbr
\\mac\home\y3down\cw4\debug\jasonstilemanager.sbr
\\mac\home\y3down\cw4\debug\playingcardsdemo.sbr
\\mac\home\y3down\cw4\debug\rawimage.sbr
\\mac\home\y3down\cw4\debug\simpledemo.sbr
\\mac\home\y3down\cw4\debug\sprite.sbr
\\mac\home\y3down\cw4\debug\stage.sbr
\\mac\home\y3down\cw4\debug\starfielddemo.sbr
\\mac\home\y3down\cw4\debug\tilemanager.sbr
\\mac\home\y3down\cw4\debug\tilemanager.obj
\\mac\home\y3down\cw4\debug\starfielddemo.obj
\\mac\home\y3down\cw4\debug\stage.obj
\\mac\home\y3down\cw4\debug\sprite.obj
\\mac\home\y3down\cw4\debug\simpledemo.obj
\\mac\home\y3down\cw4\debug\rawimage.obj
\\mac\home\y3down\cw4\debug\playingcardsdemo.obj
\\mac\home\y3down\cw4\debug\jasonstilemanager.obj
\\mac\home\y3down\cw4\debug\jasonsobjecta.obj
\\mac\home\y3down\cw4\debug\jasonsdemoa.obj
\\mac\home\y3down\cw4\debug\simpleimage.obj
\\mac\home\y3down\cw4\debug\scyyz4tilemanager.obj
\\mac\home\y3down\cw4\debug\scyyz4object2.obj
\\mac\home\y3down\cw4\debug\scyyz4object.obj
\\mac\home\y3down\cw4\debug\scyyz4engine.obj
\\mac\home\y3down\cw4\debug\redmonster.obj
\\mac\home\y3down\cw4\debug\moveobject.obj
\\mac\home\y3down\cw4\debug\monster.obj
\\mac\home\y3down\cw4\debug\menu.obj
\\mac\home\y3down\cw4\debug\imagemappingdemo.obj
\\mac\home\y3down\cw4\debug\bouncingball.sbr
\\mac\home\y3down\cw4\debug\bouncingballmain.sbr
\\mac\home\y3down\cw4\debug\tool.sbr
\\mac\home\y3down\cw4\debug\weapon.sbr
\\mac\home\y3down\cw4\debug\zoomingdemo.sbr
\\mac\home\y3down\cw4\debug\zoomingdemo.obj
\\mac\home\y3down\cw4\debug\weapon.obj
\\mac\home\y3down\cw4\debug\tool.obj
\\mac\home\y3down\cw4\debug\bouncingballmain.obj
\\mac\home\y3down\cw4\debug\bouncingball.obj
\\mac\home\y3down\cw4\debug\gameguide.sbr
\\mac\home\y3down\cw4\debug\gameguide.obj
\\mac\home\y3down\cw4\debug\mazedemomain.sbr
\\mac\home\y3down\cw4\debug\mazedemoobject.sbr
\\mac\home\y3down\cw4\debug\mazedemotilemanager.sbr
\\mac\home\y3down\cw4\debug\mazedemotilemanager.obj
\\mac\home\y3down\cw4\debug\mazedemoobject.obj
\\mac\home\y3down\cw4\debug\mazedemomain.obj
\\mac\home\y3down\cw4\/debug\courseworkbase2020.pdb
\\mac\home\y3down\cw4\/debug\courseworkbase2020.exe
\\mac\home\y3down\cw4\/debug\courseworkbase2020.bsc
\\mac\home\y3down\cw4\/debug\courseworkbase2020.ilk
\\mac\home\y3down\cw4\debug\coursewo.63f64093.tlog\link.read.1.tlog
\\mac\home\y3down\cw4\debug\coursewo.63f64093.tlog\link.command.1.tlog
\\mac\home\y3down\cw4\debug\coursewo.63f64093.tlog\rc.command.1.tlog
\\mac\home\y3down\cw4\debug\coursewo.63f64093.tlog\link.write.1.tlog
\\mac\home\y3down\cw4\debug\coursewo.63f64093.tlog\cl.read.1.tlog
\\mac\home\y3down\cw4\debug\coursewo.63f64093.tlog\rc.write.1.tlog
\\mac\home\y3down\cw4\debug\coursewo.63f64093.tlog\bscmake.write.1.tlog
\\mac\home\y3down\cw4\debug\coursewo.63f64093.tlog\bscmake.command.1.tlog
\\mac\home\y3down\cw4\debug\coursewo.63f64093.tlog\cl.command.1.tlog
\\mac\home\y3down\cw4\debug\coursewo.63f64093.tlog\rc.read.1.tlog
\\mac\home\y3down\cw4\debug\coursewo.63f64093.tlog\bscmake.read.1.tlog
\\mac\home\y3down\cw4\debug\coursewo.63f64093.tlog\cl.write.1.tlog
